[debug] [2023-05-08T07:55:54.745Z] ----------------------------------------------------------------------
[debug] [2023-05-08T07:55:54.746Z] Command:       C:\Program Files\nodejs\node.exe C:\Users\邱柏儒\AppData\Roaming\npm\node_modules\firebase-tools\lib\bin\firebase.js init
[debug] [2023-05-08T07:55:54.747Z] CLI Version:   11.30.0
[debug] [2023-05-08T07:55:54.747Z] Platform:      win32
[debug] [2023-05-08T07:55:54.747Z] Node Version:  v18.16.0
[debug] [2023-05-08T07:55:54.747Z] Time:          Mon May 08 2023 15:55:54 GMT+0800 (GMT+08:00)
[debug] [2023-05-08T07:55:54.748Z] ----------------------------------------------------------------------
[debug] 
[debug] [2023-05-08T07:55:54.789Z] > command requires scopes: ["email","openid","https://www.googleapis.com/auth/cloudplatformprojects.readonly","https://www.googleapis.com/auth/firebase","https://www.googleapis.com/auth/cloud-platform"]
[debug] [2023-05-08T07:55:54.790Z] > authorizing via signed-in user (microsoftdeanchiu@gmail.com)
[info] 
     ######## #### ########  ######## ########     ###     ######  ########
     ##        ##  ##     ## ##       ##     ##  ##   ##  ##       ##
     ######    ##  ########  ######   ########  #########  ######  ######
     ##        ##  ##    ##  ##       ##     ## ##     ##       ## ##
     ##       #### ##     ## ######## ########  ##     ##  ######  ########

You're about to initialize a Firebase project in this directory:

  C:\Users\邱柏儒\igoods

Before we get started, keep in mind:

  * You are initializing within an existing Firebase project directory

[info] 
=== Project Setup
[info] 
[info] First, let's associate this project directory with a Firebase project.
[info] You can create multiple project aliases by running firebase use --add, 
[info] but for now we'll just set up a default project.
[info] 
[debug] [2023-05-08T07:56:04.442Z] Using project from CLI flag: donation-platform-54f2b
[debug] [2023-05-08T07:56:04.445Z] >>> [apiv2][query] GET https://firebase.googleapis.com/v1beta1/projects/donation-platform-54f2b [none]
[debug] [2023-05-08T07:56:04.762Z] <<< [apiv2][status] GET https://firebase.googleapis.com/v1beta1/projects/donation-platform-54f2b 200
[debug] [2023-05-08T07:56:04.763Z] <<< [apiv2][body] GET https://firebase.googleapis.com/v1beta1/projects/donation-platform-54f2b {"projectId":"donation-platform-54f2b","projectNumber":"229918689081","displayName":"SuppliesFundraising","name":"projects/donation-platform-54f2b","resources":{"hostingSite":"donation-platform-54f2b","realtimeDatabaseInstance":"donation-platform-54f2b-default-rtdb","storageBucket":"donation-platform-54f2b.appspot.com","locationId":"us-central"},"state":"ACTIVE","etag":"1_ce921673-db8a-4535-8747-8111ae3a434e"}
[info] i  Using project donation-platform-54f2b (SuppliesFundraising) 
[info] 
=== Hosting Setup
[info] 
[info] Your public directory is the folder (relative to your project directory) that
[info] will contain Hosting assets to be uploaded with firebase deploy. If you
[info] have a build process for your assets, use your build's output directory.
[info] 
[debug] [2023-05-08T07:56:31.250Z] ----------------------------------------------------------------------
[debug] [2023-05-08T07:56:31.251Z] Command:       C:\Program Files\nodejs\node.exe C:\Users\邱柏儒\AppData\Roaming\npm\node_modules\firebase-tools\lib\bin\firebase.js init
[debug] [2023-05-08T07:56:31.251Z] CLI Version:   11.30.0
[debug] [2023-05-08T07:56:31.251Z] Platform:      win32
[debug] [2023-05-08T07:56:31.252Z] Node Version:  v18.16.0
[debug] [2023-05-08T07:56:31.252Z] Time:          Mon May 08 2023 15:56:31 GMT+0800 (GMT+08:00)
[debug] [2023-05-08T07:56:31.252Z] ----------------------------------------------------------------------
[debug] 
[debug] [2023-05-08T07:56:31.295Z] > command requires scopes: ["email","openid","https://www.googleapis.com/auth/cloudplatformprojects.readonly","https://www.googleapis.com/auth/firebase","https://www.googleapis.com/auth/cloud-platform"]
[debug] [2023-05-08T07:56:31.295Z] > authorizing via signed-in user (microsoftdeanchiu@gmail.com)
[info] 
     ######## #### ########  ######## ########     ###     ######  ########
     ##        ##  ##     ## ##       ##     ##  ##   ##  ##       ##
     ######    ##  ########  ######   ########  #########  ######  ######
     ##        ##  ##    ##  ##       ##     ## ##     ##       ## ##
     ##       #### ##     ## ######## ########  ##     ##  ######  ########

You're about to initialize a Firebase project in this directory:

  C:\Users\邱柏儒\igoods

Before we get started, keep in mind:

  * You are initializing within an existing Firebase project directory

[info] 
=== Project Setup
[info] 
[info] First, let's associate this project directory with a Firebase project.
[info] You can create multiple project aliases by running firebase use --add, 
[info] but for now we'll just set up a default project.
[info] 
[debug] [2023-05-08T07:56:34.829Z] Using project from CLI flag: donation-platform-54f2b
[debug] [2023-05-08T07:56:34.832Z] >>> [apiv2][query] GET https://firebase.googleapis.com/v1beta1/projects/donation-platform-54f2b [none]
[debug] [2023-05-08T07:56:35.187Z] <<< [apiv2][status] GET https://firebase.googleapis.com/v1beta1/projects/donation-platform-54f2b 200
[debug] [2023-05-08T07:56:35.187Z] <<< [apiv2][body] GET https://firebase.googleapis.com/v1beta1/projects/donation-platform-54f2b {"projectId":"donation-platform-54f2b","projectNumber":"229918689081","displayName":"SuppliesFundraising","name":"projects/donation-platform-54f2b","resources":{"hostingSite":"donation-platform-54f2b","realtimeDatabaseInstance":"donation-platform-54f2b-default-rtdb","storageBucket":"donation-platform-54f2b.appspot.com","locationId":"us-central"},"state":"ACTIVE","etag":"1_ce921673-db8a-4535-8747-8111ae3a434e"}
[info] i  Using project donation-platform-54f2b (SuppliesFundraising) 
[info] 
=== Hosting Setup
[info] 
[info] Your public directory is the folder (relative to your project directory) that
[info] will contain Hosting assets to be uploaded with firebase deploy. If you
[info] have a build process for your assets, use your build's output directory.
[info] 
[debug] [2023-05-08T07:57:00.807Z] >>> [apiv2][query] GET https://www.gstatic.com/firebasejs/releases.json [none]
[debug] [2023-05-08T07:57:00.967Z] <<< [apiv2][status] GET https://www.gstatic.com/firebasejs/releases.json 200
[debug] [2023-05-08T07:57:00.967Z] <<< [apiv2][body] GET https://www.gstatic.com/firebasejs/releases.json {"current":{"version":"9.21.0","browserURL":"https://www.gstatic.com/firebasejs/9.21.0/firebase.js","packageURL":"https://www.gstatic.com/firebasejs/9.21.0/firebase.tgz"},"live":{"version":"9.21","browserURL":"https://www.gstatic.com/firebasejs/live/9.21/firebase.js","packageURL":"https://www.gstatic.com/firebasejs/live/9.21/firebase.tgz"},"components":{"analytics":"https://www.gstatic.com/firebasejs/9.21.0/firebase-analytics.js","app":"https://www.gstatic.com/firebasejs/9.21.0/firebase-app.js","app-check":"https://www.gstatic.com/firebasejs/9.21.0/firebase-app-check.js","auth":"https://www.gstatic.com/firebasejs/9.21.0/firebase-auth.js","auth/cordova":"https://www.gstatic.com/firebasejs/9.21.0/firebase-auth/cordova.js","auth/react-native":"https://www.gstatic.com/firebasejs/9.21.0/firebase-auth/react-native.js","functions":"https://www.gstatic.com/firebasejs/9.21.0/firebase-functions.js","firestore":"https://www.gstatic.com/firebasejs/9.21.0/firebase-firestore.js","firestore/lite":"https://www.gstatic.com/firebasejs/9.21.0/firebase-firestore/lite.js","installations":"https://www.gstatic.com/firebasejs/9.21.0/firebase-installations.js","storage":"https://www.gstatic.com/firebasejs/9.21.0/firebase-storage.js","performance":"https://www.gstatic.com/firebasejs/9.21.0/firebase-performance.js","remote-config":"https://www.gstatic.com/firebasejs/9.21.0/firebase-remote-config.js","messaging":"https://www.gstatic.com/firebasejs/9.21.0/firebase-messaging.js","messaging/sw":"https://www.gstatic.com/firebasejs/9.21.0/firebase-messaging/sw.js","database":"https://www.gstatic.com/firebasejs/9.21.0/firebase-database.js","firestore.memory":"https://www.gstatic.com/firebasejs/9.21.0/firebase-firestore.memory.js"}}
[debug] [2023-05-08T07:57:24.057Z] ----------------------------------------------------------------------
[debug] [2023-05-08T07:57:24.058Z] Command:       C:\Program Files\nodejs\node.exe C:\Users\邱柏儒\AppData\Roaming\npm\node_modules\firebase-tools\lib\bin\firebase.js init
[debug] [2023-05-08T07:57:24.059Z] CLI Version:   11.30.0
[debug] [2023-05-08T07:57:24.059Z] Platform:      win32
[debug] [2023-05-08T07:57:24.059Z] Node Version:  v18.16.0
[debug] [2023-05-08T07:57:24.060Z] Time:          Mon May 08 2023 15:57:24 GMT+0800 (GMT+08:00)
[debug] [2023-05-08T07:57:24.060Z] ----------------------------------------------------------------------
[debug] 
[debug] [2023-05-08T07:57:24.103Z] > command requires scopes: ["email","openid","https://www.googleapis.com/auth/cloudplatformprojects.readonly","https://www.googleapis.com/auth/firebase","https://www.googleapis.com/auth/cloud-platform"]
[debug] [2023-05-08T07:57:24.103Z] > authorizing via signed-in user (microsoftdeanchiu@gmail.com)
[info] 
     ######## #### ########  ######## ########     ###     ######  ########
     ##        ##  ##     ## ##       ##     ##  ##   ##  ##       ##
     ######    ##  ########  ######   ########  #########  ######  ######
     ##        ##  ##    ##  ##       ##     ## ##     ##       ## ##
     ##       #### ##     ## ######## ########  ##     ##  ######  ########

You're about to initialize a Firebase project in this directory:

  C:\Users\邱柏儒\igoods

Before we get started, keep in mind:

  * You are initializing within an existing Firebase project directory

[info] 
=== Project Setup
[info] 
[info] First, let's associate this project directory with a Firebase project.
[info] You can create multiple project aliases by running firebase use --add, 
[info] but for now we'll just set up a default project.
[info] 
[debug] [2023-05-08T07:57:26.832Z] Using project from CLI flag: donation-platform-54f2b
[debug] [2023-05-08T07:57:26.835Z] >>> [apiv2][query] GET https://firebase.googleapis.com/v1beta1/projects/donation-platform-54f2b [none]
[debug] [2023-05-08T07:57:27.127Z] <<< [apiv2][status] GET https://firebase.googleapis.com/v1beta1/projects/donation-platform-54f2b 200
[debug] [2023-05-08T07:57:27.127Z] <<< [apiv2][body] GET https://firebase.googleapis.com/v1beta1/projects/donation-platform-54f2b {"projectId":"donation-platform-54f2b","projectNumber":"229918689081","displayName":"SuppliesFundraising","name":"projects/donation-platform-54f2b","resources":{"hostingSite":"donation-platform-54f2b","realtimeDatabaseInstance":"donation-platform-54f2b-default-rtdb","storageBucket":"donation-platform-54f2b.appspot.com","locationId":"us-central"},"state":"ACTIVE","etag":"1_ce921673-db8a-4535-8747-8111ae3a434e"}
[info] i  Using project donation-platform-54f2b (SuppliesFundraising) 
[info] 
=== Hosting Setup
[info] 
[info] Your public directory is the folder (relative to your project directory) that
[info] will contain Hosting assets to be uploaded with firebase deploy. If you
[info] have a build process for your assets, use your build's output directory.
[info] 
[debug] [2023-05-08T07:57:35.174Z] >>> [apiv2][query] GET https://www.gstatic.com/firebasejs/releases.json [none]
[debug] [2023-05-08T07:57:35.258Z] <<< [apiv2][status] GET https://www.gstatic.com/firebasejs/releases.json 200
[debug] [2023-05-08T07:57:35.258Z] <<< [apiv2][body] GET https://www.gstatic.com/firebasejs/releases.json {"current":{"version":"9.21.0","browserURL":"https://www.gstatic.com/firebasejs/9.21.0/firebase.js","packageURL":"https://www.gstatic.com/firebasejs/9.21.0/firebase.tgz"},"live":{"version":"9.21","browserURL":"https://www.gstatic.com/firebasejs/live/9.21/firebase.js","packageURL":"https://www.gstatic.com/firebasejs/live/9.21/firebase.tgz"},"components":{"analytics":"https://www.gstatic.com/firebasejs/9.21.0/firebase-analytics.js","app":"https://www.gstatic.com/firebasejs/9.21.0/firebase-app.js","app-check":"https://www.gstatic.com/firebasejs/9.21.0/firebase-app-check.js","auth":"https://www.gstatic.com/firebasejs/9.21.0/firebase-auth.js","auth/cordova":"https://www.gstatic.com/firebasejs/9.21.0/firebase-auth/cordova.js","auth/react-native":"https://www.gstatic.com/firebasejs/9.21.0/firebase-auth/react-native.js","functions":"https://www.gstatic.com/firebasejs/9.21.0/firebase-functions.js","firestore":"https://www.gstatic.com/firebasejs/9.21.0/firebase-firestore.js","firestore/lite":"https://www.gstatic.com/firebasejs/9.21.0/firebase-firestore/lite.js","installations":"https://www.gstatic.com/firebasejs/9.21.0/firebase-installations.js","storage":"https://www.gstatic.com/firebasejs/9.21.0/firebase-storage.js","performance":"https://www.gstatic.com/firebasejs/9.21.0/firebase-performance.js","remote-config":"https://www.gstatic.com/firebasejs/9.21.0/firebase-remote-config.js","messaging":"https://www.gstatic.com/firebasejs/9.21.0/firebase-messaging.js","messaging/sw":"https://www.gstatic.com/firebasejs/9.21.0/firebase-messaging/sw.js","database":"https://www.gstatic.com/firebasejs/9.21.0/firebase-database.js","firestore.memory":"https://www.gstatic.com/firebasejs/9.21.0/firebase-firestore.memory.js"}}
[info] i  Skipping write of public/index.html 
[info] 
[info] i  Detected a .git folder at C:\Users\邱柏儒\igoods 
[info] i  Authorizing with GitHub to upload your service account to a GitHub repository's secrets store. 
[info] 
[info] Visit this URL on this device to log in:
[info] https://github.com/login/oauth/authorize?client_id=89cf50f02ac6aaed3484&state=314735891&redirect_uri=http%3A%2F%2Flocalhost%3A9005&scope=read%3Auser%20repo%20public_repo
[info] 
[info] Waiting for authentication...
[debug] [2023-05-08T07:57:46.248Z] >>> [apiv2][query] POST https://github.com/login/oauth/access_token [none]
[debug] [2023-05-08T07:57:46.249Z] >>> [apiv2][body] POST https://github.com/login/oauth/access_token [stream]
[debug] [2023-05-08T07:57:46.788Z] <<< [apiv2][status] POST https://github.com/login/oauth/access_token 200
[debug] [2023-05-08T07:57:46.788Z] <<< [apiv2][body] POST https://github.com/login/oauth/access_token {"access_token":"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","token_type":"bearer","scope":"read:user,repo"}
[debug] [2023-05-08T07:57:46.797Z] >>> [apiv2][query] GET https://api.github.com/user [none]
[debug] [2023-05-08T07:57:47.346Z] <<< [apiv2][status] GET https://api.github.com/user 200
[debug] [2023-05-08T07:57:47.347Z] <<< [apiv2][body] GET https://api.github.com/user {"login":"CJIUBIRU","id":103042555,"node_id":"U_kgDOBiRN-w","avatar_url":"https://avatars.githubusercontent.com/u/103042555?v=4","gravatar_id":"","url":"https://api.github.com/users/CJIUBIRU","html_url":"https://github.com/CJIUBIRU","followers_url":"https://api.github.com/users/CJIUBIRU/followers","following_url":"https://api.github.com/users/CJIUBIRU/following{/other_user}","gists_url":"https://api.github.com/users/CJIUBIRU/gists{/gist_id}","starred_url":"https://api.github.com/users/CJIUBIRU/starred{/owner}{/repo}","subscriptions_url":"https://api.github.com/users/CJIUBIRU/subscriptions","organizations_url":"https://api.github.com/users/CJIUBIRU/orgs","repos_url":"https://api.github.com/users/CJIUBIRU/repos","events_url":"https://api.github.com/users/CJIUBIRU/events{/privacy}","received_events_url":"https://api.github.com/users/CJIUBIRU/received_events","type":"User","site_admin":false,"name":"CHIUBORU","company":null,"blog":"","location":null,"email":null,"hireable":null,"bio":null,"twitter_username":null,"public_repos":16,"public_gists":0,"followers":2,"following":4,"created_at":"2022-04-05T11:54:30Z","updated_at":"2023-05-05T08:20:27Z","private_gists":0,"total_private_repos":0,"owned_private_repos":0,"disk_usage":23153,"collaborators":0,"two_factor_authentication":false,"plan":{"name":"free","space":976562499,"collaborators":0,"private_repos":10000}}
[info] 
[info] +  Success! Logged into GitHub as CJIUBIRU 
[info] 
[debug] [2023-05-08T07:57:53.239Z] >>> [apiv2][query] GET https://api.github.com/repos//actions/secrets/public-key type=owner
[debug] [2023-05-08T07:57:53.696Z] <<< [apiv2][status] GET https://api.github.com/repos//actions/secrets/public-key 404
[debug] [2023-05-08T07:57:53.696Z] <<< [apiv2][body] GET https://api.github.com/repos//actions/secrets/public-key {"message":"Not Found","documentation_url":"https://docs.github.com/rest"}
[info] 
[info] 
[error] !  The provided authorization cannot be used with this repository. If this repository is in an organization, did you remember to grant access? 
[info] 
[info] i  Action required: Visit this URL to ensure access has been granted to the appropriate organization(s) for the Firebase CLI GitHub OAuth App: 
[info] https://github.com/settings/connections/applications/89cf50f02ac6aaed3484
[info] 
[debug] [2023-05-08T07:58:55.024Z] >>> [apiv2][query] GET https://api.github.com/repos/firebase login/actions/secrets/public-key type=owner
[debug] [2023-05-08T07:58:55.593Z] <<< [apiv2][status] GET https://api.github.com/repos/firebase login/actions/secrets/public-key 404
[debug] [2023-05-08T07:58:55.593Z] <<< [apiv2][body] GET https://api.github.com/repos/firebase login/actions/secrets/public-key {"message":"Not Found","documentation_url":"https://docs.github.com/rest"}
[info] 
[info] 
[error] !  The provided authorization cannot be used with this repository. If this repository is in an organization, did you remember to grant access? 
[info] 
[info] i  Action required: Visit this URL to ensure access has been granted to the appropriate organization(s) for the Firebase CLI GitHub OAuth App: 
[info] https://github.com/settings/connections/applications/89cf50f02ac6aaed3484
[info] 
[debug] [2023-05-08T07:59:22.207Z] >>> [apiv2][query] GET https://api.github.com/repos/firebase login CJIUBIRU/TOB_official/actions/secrets/public-key type=owner
[debug] [2023-05-08T07:59:22.840Z] <<< [apiv2][status] GET https://api.github.com/repos/firebase login CJIUBIRU/TOB_official/actions/secrets/public-key 404
[debug] [2023-05-08T07:59:22.840Z] <<< [apiv2][body] GET https://api.github.com/repos/firebase login CJIUBIRU/TOB_official/actions/secrets/public-key {"message":"Not Found","documentation_url":"https://docs.github.com/rest/reference/actions#get-a-repository-public-key"}
[info] 
[info] 
[error] !  The provided authorization cannot be used with this repository. If this repository is in an organization, did you remember to grant access? 
[info] 
[info] i  Action required: Visit this URL to ensure access has been granted to the appropriate organization(s) for the Firebase CLI GitHub OAuth App: 
[info] https://github.com/settings/connections/applications/89cf50f02ac6aaed3484
[info] 
[debug] [2023-05-08T07:59:40.537Z] >>> [apiv2][query] GET https://api.github.com/repos/TOB_official/actions/secrets/public-key type=owner
[debug] [2023-05-08T07:59:41.003Z] <<< [apiv2][status] GET https://api.github.com/repos/TOB_official/actions/secrets/public-key 404
[debug] [2023-05-08T07:59:41.003Z] <<< [apiv2][body] GET https://api.github.com/repos/TOB_official/actions/secrets/public-key {"message":"Not Found","documentation_url":"https://docs.github.com/rest"}
[info] 
[info] 
[error] !  The provided authorization cannot be used with this repository. If this repository is in an organization, did you remember to grant access? 
[info] 
[info] i  Action required: Visit this URL to ensure access has been granted to the appropriate organization(s) for the Firebase CLI GitHub OAuth App: 
[info] https://github.com/settings/connections/applications/89cf50f02ac6aaed3484
[info] 
[debug] [2023-05-08T07:59:41.206Z] >>> [apiv2][query] GET https://api.github.com/repos/TOB_official/actions/secrets/public-key type=owner
[debug] [2023-05-08T07:59:41.705Z] <<< [apiv2][status] GET https://api.github.com/repos/TOB_official/actions/secrets/public-key 404
[debug] [2023-05-08T07:59:41.705Z] <<< [apiv2][body] GET https://api.github.com/repos/TOB_official/actions/secrets/public-key {"message":"Not Found","documentation_url":"https://docs.github.com/rest"}
[info] 
[info] 
[error] !  The provided authorization cannot be used with this repository. If this repository is in an organization, did you remember to grant access? 
[info] 
[info] i  Action required: Visit this URL to ensure access has been granted to the appropriate organization(s) for the Firebase CLI GitHub OAuth App: 
[info] https://github.com/settings/connections/applications/89cf50f02ac6aaed3484
[info] 
